<?xml version="1.0" encoding="UTF-8" ?>
<testsuite failures="1" time="0.606" errors="0" skipped="0" tests="1" name="TestSuite">
  <properties>
    <property name="java.runtime.name" value="Java(TM) SE Runtime Environment"/>
    <property name="sun.boot.library.path" value="/System/Library/Java/JavaVirtualMachines/1.6.0.jdk/Contents/Libraries"/>
    <property name="java.vm.version" value="20.4-b02-402"/>
    <property name="awt.nativeDoubleBuffering" value="true"/>
    <property name="gopherProxySet" value="false"/>
    <property name="mrj.build" value="11M3527"/>
    <property name="java.vm.vendor" value="Apple Inc."/>
    <property name="java.vendor.url" value="http://www.apple.com/"/>
    <property name="path.separator" value=":"/>
    <property name="java.vm.name" value="Java HotSpot(TM) 64-Bit Server VM"/>
    <property name="file.encoding.pkg" value="sun.io"/>
    <property name="user.country" value="US"/>
    <property name="sun.java.launcher" value="SUN_STANDARD"/>
    <property name="sun.os.patch.level" value="unknown"/>
    <property name="java.vm.specification.name" value="Java Virtual Machine Specification"/>
    <property name="user.dir" value="/Users/suman.karthik/Development/dev_null/hystrix_request_cache"/>
    <property name="java.runtime.version" value="1.6.0_29-b11-402-11M3527"/>
    <property name="java.awt.graphicsenv" value="apple.awt.CGraphicsEnvironment"/>
    <property name="basedir" value="/Users/suman.karthik/Development/dev_null/hystrix_request_cache"/>
    <property name="java.endorsed.dirs" value="/System/Library/Java/JavaVirtualMachines/1.6.0.jdk/Contents/Home/lib/endorsed"/>
    <property name="os.arch" value="x86_64"/>
    <property name="surefire.real.class.path" value="/Users/suman.karthik/Development/dev_null/hystrix_request_cache/target/surefire/surefirebooter4713138864812888563.jar"/>
    <property name="java.io.tmpdir" value="/var/folders/t0/h6dtng7s0j3d9v0j3lh7d9_40000gp/T/"/>
    <property name="line.separator" value="
"/>
    <property name="java.vm.specification.vendor" value="Sun Microsystems Inc."/>
    <property name="os.name" value="Mac OS X"/>
    <property name="sun.jnu.encoding" value="MacRoman"/>
    <property name="java.library.path" value=".:/Library/Java/Extensions:/System/Library/Java/Extensions:/usr/lib/java"/>
    <property name="surefire.test.class.path" value="/Users/suman.karthik/Development/dev_null/hystrix_request_cache/target/test-classes:/Users/suman.karthik/Development/dev_null/hystrix_request_cache/target/classes:/Users/suman.karthik/.m2/repository/org/mockito/mockito-all/1.9.5/mockito-all-1.9.5.jar:/Users/suman.karthik/.m2/repository/org/testng/testng/6.8/testng-6.8.jar:/Users/suman.karthik/.m2/repository/junit/junit/4.10/junit-4.10.jar:/Users/suman.karthik/.m2/repository/org/hamcrest/hamcrest-core/1.1/hamcrest-core-1.1.jar:/Users/suman.karthik/.m2/repository/org/beanshell/bsh/2.0b4/bsh-2.0b4.jar:/Users/suman.karthik/.m2/repository/com/beust/jcommander/1.27/jcommander-1.27.jar:/Users/suman.karthik/.m2/repository/org/yaml/snakeyaml/1.6/snakeyaml-1.6.jar:/Users/suman.karthik/.m2/repository/com/netflix/hystrix/hystrix-core/1.2.16/hystrix-core-1.2.16.jar:/Users/suman.karthik/.m2/repository/org/slf4j/slf4j-api/1.7.0/slf4j-api-1.7.0.jar:/Users/suman.karthik/.m2/repository/com/netflix/archaius/archaius-core/0.4.1/archaius-core-0.4.1.jar:/Users/suman.karthik/.m2/repository/commons-configuration/commons-configuration/1.8/commons-configuration-1.8.jar:/Users/suman.karthik/.m2/repository/commons-lang/commons-lang/2.6/commons-lang-2.6.jar:/Users/suman.karthik/.m2/repository/commons-logging/commons-logging/1.1.1/commons-logging-1.1.1.jar:/Users/suman.karthik/.m2/repository/com/google/code/findbugs/jsr305/2.0.0/jsr305-2.0.0.jar:/Users/suman.karthik/.m2/repository/com/google/guava/guava/14.0.1/guava-14.0.1.jar:"/>
    <property name="java.specification.name" value="Java Platform API Specification"/>
    <property name="java.class.version" value="50.0"/>
    <property name="sun.management.compiler" value="HotSpot 64-Bit Tiered Compilers"/>
    <property name="os.version" value="10.7.2"/>
    <property name="http.nonProxyHosts" value="local|*.local|169.254/16|*.169.254/16"/>
    <property name="user.home" value="/Users/suman.karthik"/>
    <property name="user.timezone" value="GMT+05:30"/>
    <property name="java.awt.printerjob" value="apple.awt.CPrinterJob"/>
    <property name="java.specification.version" value="1.6"/>
    <property name="file.encoding" value="MacRoman"/>
    <property name="user.name" value="suman.karthik"/>
    <property name="java.class.path" value="/Users/suman.karthik/Development/dev_null/hystrix_request_cache/target/test-classes:/Users/suman.karthik/Development/dev_null/hystrix_request_cache/target/classes:/Users/suman.karthik/.m2/repository/org/mockito/mockito-all/1.9.5/mockito-all-1.9.5.jar:/Users/suman.karthik/.m2/repository/org/testng/testng/6.8/testng-6.8.jar:/Users/suman.karthik/.m2/repository/junit/junit/4.10/junit-4.10.jar:/Users/suman.karthik/.m2/repository/org/hamcrest/hamcrest-core/1.1/hamcrest-core-1.1.jar:/Users/suman.karthik/.m2/repository/org/beanshell/bsh/2.0b4/bsh-2.0b4.jar:/Users/suman.karthik/.m2/repository/com/beust/jcommander/1.27/jcommander-1.27.jar:/Users/suman.karthik/.m2/repository/org/yaml/snakeyaml/1.6/snakeyaml-1.6.jar:/Users/suman.karthik/.m2/repository/com/netflix/hystrix/hystrix-core/1.2.16/hystrix-core-1.2.16.jar:/Users/suman.karthik/.m2/repository/org/slf4j/slf4j-api/1.7.0/slf4j-api-1.7.0.jar:/Users/suman.karthik/.m2/repository/com/netflix/archaius/archaius-core/0.4.1/archaius-core-0.4.1.jar:/Users/suman.karthik/.m2/repository/commons-configuration/commons-configuration/1.8/commons-configuration-1.8.jar:/Users/suman.karthik/.m2/repository/commons-lang/commons-lang/2.6/commons-lang-2.6.jar:/Users/suman.karthik/.m2/repository/commons-logging/commons-logging/1.1.1/commons-logging-1.1.1.jar:/Users/suman.karthik/.m2/repository/com/google/code/findbugs/jsr305/2.0.0/jsr305-2.0.0.jar:/Users/suman.karthik/.m2/repository/com/google/guava/guava/14.0.1/guava-14.0.1.jar:"/>
    <property name="java.vm.specification.version" value="1.0"/>
    <property name="sun.arch.data.model" value="64"/>
    <property name="java.home" value="/System/Library/Java/JavaVirtualMachines/1.6.0.jdk/Contents/Home"/>
    <property name="sun.java.command" value="/Users/suman.karthik/Development/dev_null/hystrix_request_cache/target/surefire/surefirebooter4713138864812888563.jar /Users/suman.karthik/Development/dev_null/hystrix_request_cache/target/surefire/surefire5674703737706459570tmp /Users/suman.karthik/Development/dev_null/hystrix_request_cache/target/surefire/surefire1193903333675084922tmp"/>
    <property name="java.specification.vendor" value="Sun Microsystems Inc."/>
    <property name="user.language" value="en"/>
    <property name="awt.toolkit" value="apple.awt.CToolkit"/>
    <property name="java.vm.info" value="mixed mode"/>
    <property name="java.version" value="1.6.0_29"/>
    <property name="java.ext.dirs" value="/Library/Java/Extensions:/System/Library/Java/Extensions:/System/Library/Java/JavaVirtualMachines/1.6.0.jdk/Contents/Home/lib/ext"/>
    <property name="sun.boot.class.path" value="/System/Library/Java/JavaVirtualMachines/1.6.0.jdk/Contents/Classes/jsfd.jar:/System/Library/Java/JavaVirtualMachines/1.6.0.jdk/Contents/Classes/classes.jar:/System/Library/Frameworks/JavaVM.framework/Frameworks/JavaRuntimeSupport.framework/Resources/Java/JavaRuntimeSupport.jar:/System/Library/Java/JavaVirtualMachines/1.6.0.jdk/Contents/Classes/ui.jar:/System/Library/Java/JavaVirtualMachines/1.6.0.jdk/Contents/Classes/laf.jar:/System/Library/Java/JavaVirtualMachines/1.6.0.jdk/Contents/Classes/sunrsasign.jar:/System/Library/Java/JavaVirtualMachines/1.6.0.jdk/Contents/Classes/jsse.jar:/System/Library/Java/JavaVirtualMachines/1.6.0.jdk/Contents/Classes/jce.jar:/System/Library/Java/JavaVirtualMachines/1.6.0.jdk/Contents/Classes/charsets.jar"/>
    <property name="java.vendor" value="Apple Inc."/>
    <property name="localRepository" value="/Users/suman.karthik/.m2/repository"/>
    <property name="file.separator" value="/"/>
    <property name="java.vendor.url.bug" value="http://bugreport.apple.com/"/>
    <property name="sun.cpu.endian" value="little"/>
    <property name="sun.io.unicode.encoding" value="UnicodeLittle"/>
    <property name="mrj.version" value="1070.1.6.0_29-402"/>
    <property name="socksNonProxyHosts" value="local|*.local|169.254/16|*.169.254/16"/>
    <property name="ftp.nonProxyHosts" value="local|*.local|169.254/16|*.169.254/16"/>
    <property name="sun.cpu.isalist" value=""/>
  </properties>
  <testcase time="0.189" classname="ExecutionThreadTest" name="testRequestCache">
    <failure type="java.lang.AssertionError">java.lang.AssertionError
	at ExecutionThreadTest.testRequestCache(ExecutionThreadTest.java:23)
</failure>
    <system-out>@HL
@HL-------------------------------------------------------
@HL T E S T S
@HL-------------------------------------------------------
@SLRunning TestSuite
java.lang.IllegalStateException: HystrixRequestContext.initializeContext() must be called at the beginning of each request before RequestVariable functionality can be used.
</system-out>
    <system-err>SLF4J: Failed to load class &quot;org.slf4j.impl.StaticLoggerBinder&quot;.
SLF4J: Defaulting to no-operation (NOP) logger implementation
SLF4J: See http://www.slf4j.org/codes.html#StaticLoggerBinder for further details.
</system-err>
  </testcase>
</testsuite>